*   Trying 164.40.177.47...
* TCP_NODELAY set
* Connected to mailout.comhem.se (164.40.177.47) port 25 (#0)
< 220 ch-p-mailout02.sth.basefarm.net ESMTP Exim 4.84 Sat, 08 Sep 2018 21:20:57 +0200
> EHLO raspberrypi
< 250-ch-p-mailout02.sth.basefarm.net Hello c213-89-244-188.bredband.comhem.se [213.89.244.188]
< 250-SIZE 52428800
< 250-8BITMIME
< 250-STARTTLS
< 250 HELP
> STARTTLS
< 220 TLS go ahead
* found 166 certificates in /etc/ssl/certs/ca-certificates.crt
* found 666 certificates in /etc/ssl/certs
* SSL connection using TLS1.0 / RSA_AES_256_CBC_SHA1
* 	 server certificate verification SKIPPED
* 	 server certificate status verification SKIPPED
* 	 common name: webmail.comhem.se (matched)
* 	 server certificate expiration date OK
* 	 server certificate activation date OK
* 	 certificate public key: RSA
* 	 certificate version: #3
* 	 subject: C=SE,ST=Stockholm,L=Stockholm,O=Com Hem Aktiebolag,CN=webmail.comhem.se
* 	 start date: Wed, 22 Aug 2018 00:00:00 GMT
* 	 expire date: Wed, 23 Oct 2019 12:00:00 GMT
* 	 issuer: C=US,O=DigiCert Inc,OU=www.digicert.com,CN=DigiCert SHA2 High Assurance Server CA
* 	 compression: NULL
> EHLO raspberrypi
< 250-ch-p-mailout02.sth.basefarm.net Hello c213-89-244-188.bredband.comhem.se [213.89.244.188]
< 250-SIZE 52428800
< 250-8BITMIME
< 250-AUTH LOGIN PLAIN
< 250 HELP
> MAIL FROM:<ulf.haga@icloud.com>
< 250 OK
> RCPT TO:<ulf.haga@icloud.com>
< 250 Accepted
> DATA
< 354 Enter message, ending with "." on a line by itself
< 250 OK id=1fyimw-0003gt-88
* Connection #0 to host mailout.comhem.se left intact
*   Trying 164.40.177.47...
* TCP_NODELAY set
* Connected to mailout.comhem.se (164.40.177.47) port 25 (#0)
< 220 ch-p-mailout02.sth.basefarm.net ESMTP Exim 4.84 Sat, 08 Sep 2018 22:19:32 +0200
> EHLO raspberrypi
< 250-ch-p-mailout02.sth.basefarm.net Hello c213-89-244-188.bredband.comhem.se [213.89.244.188]
< 250-SIZE 52428800
< 250-8BITMIME
< 250-STARTTLS
< 250 HELP
> STARTTLS
< 220 TLS go ahead
* found 166 certificates in /etc/ssl/certs/ca-certificates.crt
* found 666 certificates in /etc/ssl/certs
* SSL connection using TLS1.0 / RSA_AES_256_CBC_SHA1
* 	 server certificate verification SKIPPED
* 	 server certificate status verification SKIPPED
* 	 common name: webmail.comhem.se (matched)
* 	 server certificate expiration date OK
* 	 server certificate activation date OK
* 	 certificate public key: RSA
* 	 certificate version: #3
* 	 subject: C=SE,ST=Stockholm,L=Stockholm,O=Com Hem Aktiebolag,CN=webmail.comhem.se
* 	 start date: Wed, 22 Aug 2018 00:00:00 GMT
* 	 expire date: Wed, 23 Oct 2019 12:00:00 GMT
* 	 issuer: C=US,O=DigiCert Inc,OU=www.digicert.com,CN=DigiCert SHA2 High Assurance Server CA
* 	 compression: NULL
> EHLO raspberrypi
< 250-ch-p-mailout02.sth.basefarm.net Hello c213-89-244-188.bredband.comhem.se [213.89.244.188]
< 250-SIZE 52428800
< 250-8BITMIME
< 250-AUTH LOGIN PLAIN
< 250 HELP
> MAIL FROM:<ulf.haga@icloud.com>
< 250 OK
> RCPT TO:<ulf.haga@icloud.com>
< 250 Accepted
> DATA
< 354 Enter message, ending with "." on a line by itself
< 250 OK id=1fyjhd-0001YF-6a
* Connection #0 to host mailout.comhem.se left intact
2018-09-14 21:15:30 [Info]: Raspberry Pi alarm program started
2018-09-14 21:17:45 [Info]: Alarm interrupt
2018-09-14 21:17:49 [Info]: Alarm interrupt
2018-09-14 21:19:14 [Info]: Alarm interrupt
2018-09-14 22:00:02 [Info]: Alarm interrupt
2018-09-14 22:36:57 [Info]: Alarm interrupt
2018-09-14 22:37:01 [Info]: Alarm interrupt
2018-09-14 22:37:17 [Info]: Alarm interrupt
2018-09-14 22:37:17 [Info]: Alarm interrupt
2018-09-14 22:37:28 [Info]: Alarm interrupt
2018-09-14 22:37:49 [Info]: Alarm interrupt
2018-09-14 22:56:15 [Info]: Alarm interrupt
2018-09-14 22:56:24 [Info]: Alarm interrupt
2018-09-14 22:56:49 [Info]: Alarm interrupt
2018-09-14 23:43:27 [Info]: Alarm interrupt
2018-09-15 02:44:50 [Info]: Alarm interrupt
2018-09-15 02:44:50 [Debug]: Set led off!
2018-09-15 02:44:50 [Info]: Alarm interrupt
2018-09-15 02:44:50 [Info]: Alarm interrupt
2018-09-15 02:44:50 [Info]: Alarm interrupt
2018-09-15 02:44:50 [Info]: Alarm interrupt
2018-09-15 02:44:50 [Info]: Alarm interrupt
2018-09-15 02:44:50 [Info]: Alarm interrupt
2018-09-15 02:44:50 [Info]: Alarm interrupt
2018-09-15 02:44:50 [Info]: Alarm interrupt
2018-09-15 02:44:50 [Info]: Alarm interrupt
2018-09-15 02:44:50 [Info]: Alarm interrupt
2018-09-15 02:44:50 [Info]: Alarm interrupt
2018-09-15 02:44:50 [Info]: Alarm interrupt
2018-09-15 02:44:50 [Info]: Alarm interrupt
2018-09-15 02:44:50 [Info]: Alarm interrupt
2018-09-15 02:44:50 [Info]: Alarm interrupt
2018-09-15 02:44:50 [Info]: Alarm interrupt
2018-09-15 02:44:50 [Info]: Alarm interrupt
2018-09-15 02:44:50 [Info]: Alarm interrupt
2018-09-15 02:44:50 [Info]: Alarm interrupt
2018-09-15 02:44:50 [Info]: Alarm interrupt
2018-09-15 02:44:50 [Info]: Alarm interrupt
2018-09-15 02:44:50 [Info]: Alarm interrupt
2018-09-15 02:44:50 [Info]: Alarm interrupt
2018-09-15 02:44:50 [Info]: Alarm interrupt
2018-09-15 02:44:50 [Info]: Alarm interrupt
2018-09-15 02:44:50 [Info]: Alarm interrupt
2018-09-15 02:44:50 [Info]: Alarm interrupt
2018-09-15 09:31:50 [Info]: Alarm interrupt
2018-09-15 09:31:50 [Debug]: Set led on!
2018-09-15 09:31:50 [Info]: Sending email!
2018-09-15 09:31:50 [Info]: libquickmail 0.1.29

2018-09-15 10:20:21 [Info]: Alarm interrupt
2018-09-15 10:20:26 [Info]: Alarm interrupt
2018-09-15 10:20:35 [Info]: Alarm interrupt
2018-09-15 10:20:37 [Info]: Alarm interrupt
2018-09-15 10:45:02 [Info]: Alarm interrupt
2018-09-15 10:45:17 [Info]: Alarm interrupt
2018-09-15 12:57:41 [Info]: Alarm interrupt
2018-09-15 13:05:16 [Info]: Alarm interrupt
2018-09-15 14:16:27 [Info]: Alarm interrupt
2018-09-15 14:53:12 [Info]: Alarm interrupt
2018-09-15 15:06:07 [Info]: Alarm interrupt
2018-09-15 16:01:49 [Info]: Alarm interrupt
2018-09-15 16:45:30 [Info]: Alarm interrupt
2018-09-15 17:08:43 [Info]: Alarm interrupt
2018-09-15 17:08:45 [Info]: Alarm interrupt
2018-09-15 17:38:49 [Info]: Alarm interrupt
2018-09-15 17:47:09 [Info]: Alarm interrupt
2018-09-15 18:17:59 [Info]: Alarm interrupt
2018-09-15 20:08:42 [Info]: Alarm interrupt
2018-09-15 20:36:27 [Info]: Alarm interrupt
2018-09-15 21:17:49 [Info]: Alarm interrupt
2018-09-15 22:01:36 [Info]: Alarm interrupt
2018-09-15 22:26:58 [Info]: Alarm interrupt
2018-09-15 22:55:38 [Info]: Alarm interrupt
2018-09-15 22:55:47 [Info]: Alarm interrupt
2018-09-15 22:56:02 [Info]: Alarm interrupt
2018-09-15 23:00:42 [Info]: Alarm interrupt
2018-09-16 02:44:54 [Info]: Alarm interrupt
2018-09-16 02:44:54 [Debug]: Set led off!
2018-09-16 02:44:54 [Info]: Alarm interrupt
2018-09-16 02:44:54 [Info]: Alarm interrupt
2018-09-16 02:44:54 [Info]: Alarm interrupt
2018-09-16 02:44:54 [Info]: Alarm interrupt
2018-09-16 02:44:54 [Info]: Alarm interrupt
2018-09-16 02:44:54 [Info]: Alarm interrupt
2018-09-16 02:44:54 [Info]: Alarm interrupt
2018-09-16 02:44:54 [Info]: Alarm interrupt
2018-09-16 02:44:54 [Info]: Alarm interrupt
2018-09-16 02:44:54 [Info]: Alarm interrupt
2018-09-16 02:44:54 [Info]: Alarm interrupt
2018-09-16 02:44:54 [Info]: Alarm interrupt
2018-09-16 02:44:54 [Info]: Alarm interrupt
2018-09-16 02:44:54 [Info]: Alarm interrupt
2018-09-16 02:44:54 [Info]: Alarm interrupt
2018-09-16 02:44:54 [Info]: Alar2018-09-26 20:15:06 [Info]: Raspberry Pi alarm program started
2018-09-26 20:21:29 [Info]: Alarm interrupt
2018-09-26 20:48:52 [Info]: Alarm interrupt
2018-09-26 20:48:52 [Info]: Alarm interrupt rising
2018-09-26 20:48:52 [Debug]: Set led on!
2018-09-26 20:48:52 [Info]: Sending email!
2018-09-26 20:48:52 [Info]: libquickmail 0.1.29

2018-09-26 20:55:44 [Info]: Alarm interrupt
2018-09-26 20:57:23 [Info]: Alarm interrupt
2018-09-26 20:57:23 [Info]: Alarm interrupt
2018-09-26 20:57:23 [Info]: Alarm interrupt
2018-09-26 20:57:23 [Info]: Alarm interrupt
2018-09-26 20:57:23 [Info]: Alarm interrupt
2018-09-26 20:57:23 [Info]: Alarm interrupt
2018-09-26 20:57:23 [Info]: Alarm interrupt
2018-09-26 20:57:23 [Info]: Alarm interrupt
2018-09-26 20:57:23 [Info]: Alarm interrupt
2018-09-26 20:57:23 [Info]: Alarm interrupt
2018-09-26 20:57:23 [Info]: Alarm interrupt
2018-09-26 20:57:23 [Info]: Alarm interrupt
2018-09-26 20:57:23 [Info]: Alarm interrupt
2018-09-26 21:05:09 [Info]: Alarm interrupt
2018-09-26 21:05:09 [Info]: Alarm interrupt
2018-09-26 21:05:26 [Info]: Alarm interrupt
2018-09-26 21:05:26 [Info]: Alarm interrupt falling
2018-09-26 21:05:26 [Debug]: Set led off!
2018-09-26 21:08:48 [Info]: Alarm interrupt
2018-09-26 21:08:48 [Info]: Alarm interrupt rising
2018-09-26 21:08:48 [Debug]: Set led on!
2018-09-26 21:08:48 [Info]: Sending email!
2018-09-26 21:08:48 [Info]: libquickmail 0.1.29

2018-09-26 21:18:02 [Info]: Alarm interrupt
2018-09-26 21:18:02 [Info]: Alarm interrupt falling
2018-09-26 21:18:02 [Debug]: Set led off!
2018-09-26 22:07:42 [Info]: Alarm interrupt
2018-09-26 22:07:42 [Info]: Alarm interrupt rising
2018-09-26 22:07:42 [Debug]: Set led on!
2018-09-26 22:07:42 [Info]: Sending email!
2018-09-26 22:07:42 [Info]: libquickmail 0.1.29

2018-09-26 22:25:30 [Info]: Alarm interrupt
2018-09-26 22:25:30 [Info]: Alarm interrupt falling
2018-09-26 22:25:30 [Debug]: Set led off!
2018-09-27 02:45:36 [Info]: Alarm interrupt
2018-09-27 02:45:36 [Info]: Alarm interrupt
2018-09-27 02:45:36 [Info]: Alarm interrupt
2018-09-27 02:45:36 [Info]: Alarm interrupt
2018-09-27 02:45:36 [Info]: Alarm interrupt
2018-09-27 02:45:36 [Info]: Alarm interrupt
2018-09-27 02:45:36 [Info]: Alarm interrupt
2018-09-27 02:45:36 [Info]: Alarm interrupt
2018-09-27 02:45:36 [Info]: Alarm interrupt
2018-09-27 02:45:36 [Info]: Alarm interrupt
2018-09-27 02:45:36 [Info]: Alarm interrupt
2018-09-27 02:45:36 [Info]: Alarm interrupt
2018-09-27 02:45:36 [Info]: Alarm interrupt
2018-09-27 02:45:36 [Info]: Alarm interrupt
2018-09-27 02:45:36 [Info]: Alarm interrupt
2018-09-27 02:45:36 [Info]: Alarm interrupt
2018-09-27 02:45:36 [Info]: Alarm interrupt
2018-09-27 02:45:36 [Info]: Alarm interrupt
2018-09-27 02:45:36 [Info]: Alarm interrupt
2018-09-27 02:45:36 [Info]: Alarm interrupt
2018-09-27 02:45:36 [Info]: Alarm interrupt
2018-09-27 02:45:36 [Info]: Alarm interrupt
2018-09-27 02:45:36 [Info]: Alarm interrupt
2018-09-27 02:45:36 [Info]: Alarm interrupt
2018-09-27 02:45:36 [Info]: Alarm interrupt
2018-09-27 02:45:36 [Info]: Alarm interrupt
2018-09-27 02:45:36 [Info]: Alarm interrupt
2018-09-27 02:45:36 [Info]: Alarm interrupt
2018-09-27 02:45:36 [Info]: Alarm interrupt
2018-09-27 02:45:36 [Info]: Alarm interrupt
2018-09-27 02:45:36 [Info]: Alarm interrupt
2018-09-27 02:45:36 [Info]: Alarm interrupt
2018-09-27 02:45:36 [Info]: Alarm interrupt
2018-09-27 02:45:36 [Info]: Alarm interrupt
2018-09-27 02:45:36 [Info]: Alarm interrupt
2018-09-27 06:16:01 [Info]: Alarm interrupt
2018-09-27 06:16:01 [Info]: Alarm interrupt rising
2018-09-27 06:16:01 [Debug]: Set led on!
2018-09-27 06:16:01 [Info]: Sending email!
2018-09-27 06:16:01 [Info]: libquickmail 0.1.29

2018-09-27 06:42:23 [Info]: Alarm interrupt
2018-09-27 06:42:23 [Info]: Alarm interrupt falling
2018-09-27 06:42:23 [Debug]: Set led off!
2018-09-27 19:25:46 [Info]: Alarm interrupt
2018-09-27 19:25:46 [Info]: Alarm interrupt rising
2018-09-27 19:25:46 [Debug]: Set led on!
2018-09-27 19:25:46 [Info]: Sending email!
2018-09-27 19:25:46 [Info]: libquickmail 0.1.29

2018-09-27 19:58:31 [Info]: Alarm interrupt
2018-09-27 19:58:31 [Info]: Alarm interrupt falling
2018-09-27 19:58:31 [Debug]: Set led off!
2018-11-15 08:06:47 [Info]: Raspberry Pi alarm program started
2018-11-15 17:02:47 [Info]: Alarm interrupt
2018-11-15 17:02:47 [Info]: Alarm interrupt
2018-11-15 17:02:47 [Info]: Alarm interrupt
2018-11-15 17:02:47 [Info]: Alarm interrupt
2018-11-15 17:02:47 [Info]: Alarm interrupt
2018-11-15 17:02:47 [Info]: Alarm interrupt
2018-11-15 17:02:47 [Info]: Alarm interrupt
2018-11-15 17:02:47 [Info]: Alarm interrupt
2018-11-15 17:02:47 [Info]: Alarm interrupt
2018-11-15 17:02:47 [Info]: Alarm interrupt
2018-11-15 17:02:47 [Info]: Alarm interrupt
2018-11-15 17:02:47 [Info]: Alarm interrupt
2018-11-15 17:02:47 [Info]: Alarm interrupt
2018-11-15 17:02:47 [Info]: Alarm interrupt
2018-11-15 17:02:47 [Info]: Alarm interrupt
2018-11-15 17:02:47 [Info]: Alarm interrupt
2018-11-15 17:02:47 [Info]: Alarm interrupt
2018-11-15 17:02:47 [Info]: Alarm interrupt
2018-11-15 17:02:47 [Info]: Alarm interrupt
2018-11-15 17:02:47 [Info]: Alarm interrupt
2018-11-15 17:02:47 [Info]: Alarm interrupt
2018-11-15 17:02:47 [Info]: Alarm interrupt
2018-11-15 17:02:47 [Info]: Alarm interrupt
2018-11-15 17:02:47 [Info]: Alarm interrupt
2018-11-15 17:02:47 [Info]: Alarm interrupt
2018-11-15 17:02:47 [Info]: Alarm interrupt
2018-11-15 17:52:17 [Info]: Alarm interrupt
2018-11-15 17:52:17 [Info]: Alarm interrupt rising
2018-11-15 17:52:17 [Debug]: Set led on!
2018-11-15 17:52:17 [Info]: Sending email!
Finished reading
2018-11-15 17:52:22 [Info]: libquickmail 0.1.29

2018-11-15 18:06:24 [Info]: Alarm interrupt
2018-11-15 18:06:24 [Info]: Alarm interrupt falling
2018-11-15 18:06:24 [Debug]: Set led off!
2018-11-15 18:20:30 [Info]: Alarm interrupt
2018-11-15 18:20:30 [Info]: Alarm interrupt rising
2018-11-15 18:20:30 [Debug]: Set led on!
2018-11-15 18:20:30 [Info]: Sending email!
Finished reading
2018-11-15 18:20:35 [Info]: libquickmail 0.1.29

2018-11-15 18:30:08 [Info]: Alarm interrupt
2018-11-15 18:30:08 [Info]: Alarm interrupt falling
2018-11-15 18:30:08 [Debug]: Set led off!
2018-11-15 20:04:01 [Info]: Alarm interrupt
2018-11-15 20:04:01 [Info]: Alarm interrupt rising
2018-11-15 20:04:01 [Debug]: Set led on!
2018-11-15 20:04:01 [Info]: Sending email!
Finished reading
2018-11-15 20:04:05 [Info]: libquickmail 0.1.29

*** Error in `./motionmail': malloc(): memory corruption: 0x7443e288 ***
